# JRE version: OpenJDK Runtime Environment OpenLogic-OpenJDK (17.0.10+7) (build 17.0.10+7-adhoc..jdk17u)
# Java VM: OpenJDK 64-Bit Server VM OpenLogic-OpenJDK (17.0.10+7-adhoc..jdk17u, mixed mode, sharing, tiered, compressed oops, compressed class ptrs, g1 gc, windows-amd64)
GC Precious Log:
 CPUs: 4 total, 4 available
 Memory: 8066M
 Large Page Support: Disabled
 NUMA Support: Disabled
 Compressed Oops: Enabled (32-bit)
 Heap Region Size: 1M
 Heap Min Capacity: 8M
 Heap Initial Capacity: 128M
 Heap Max Capacity: 2018M
 Pre-touch: Disabled
 Parallel Workers: 4
 Concurrent Workers: 1
 Concurrent Refinement Workers: 4
 Periodic GC: Disabled
Heap:
 garbage-first heap   total 68608K, used 31265K [0x0000000081e00000, 0x0000000100000000)
  region size 1024K, 9 young (9216K), 4 survivors (4096K)
 Metaspace       used 58371K, committed 58816K, reserved 1114112K
  class space    used 7608K, committed 7808K, reserved 1048576K
GC Heap History (20 events):
Event: 14236.560 GC heap before
{Heap before GC invocations=20 (full 0):
 garbage-first heap   total 94208K, used 48094K [0x0000000081e00000, 0x0000000100000000)
  region size 1024K, 24 young (24576K), 3 survivors (3072K)
 Metaspace       used 56188K, committed 56704K, reserved 1114112K
  class space    used 7530K, committed 7744K, reserved 1048576K
}
Event: 14236.625 GC heap after
{Heap after GC invocations=21 (full 1):
 garbage-first heap   total 68608K, used 19855K [0x0000000081e00000, 0x0000000100000000)
  region size 1024K, 0 young (0K), 0 survivors (0K)
 Metaspace       used 55976K, committed 56704K, reserved 1114112K
  class space    used 7482K, committed 7744K, reserved 1048576K
}
Event: 14238.075 GC heap before
{Heap before GC invocations=21 (full 1):
 garbage-first heap   total 68608K, used 52623K [0x0000000081e00000, 0x0000000100000000)
  region size 1024K, 33 young (33792K), 0 survivors (0K)
 Metaspace       used 56357K, committed 56896K, reserved 1114112K
  class space    used 7490K, committed 7744K, reserved 1048576K
}
Event: 14238.081 GC heap after
{Heap after GC invocations=22 (full 1):
 garbage-first heap   total 68608K, used 23494K [0x0000000081e00000, 0x0000000100000000)
  region size 1024K, 4 young (4096K), 4 survivors (4096K)
 Metaspace       used 56357K, committed 56896K, reserved 1114112K
  class space    used 7490K, committed 7744K, reserved 1048576K
}
Event: 14239.441 GC heap before
{Heap before GC invocations=22 (full 1):
 garbage-first heap   total 68608K, used 53190K [0x0000000081e00000, 0x0000000100000000)
  region size 1024K, 33 young (33792K), 4 survivors (4096K)
 Metaspace       used 56769K, committed 57280K, reserved 1114112K
  class space    used 7516K, committed 7744K, reserved 1048576K
}
Event: 14239.451 GC heap after
{Heap after GC invocations=23 (full 1):
 garbage-first heap   total 68608K, used 26339K [0x0000000081e00000, 0x0000000100000000)
  region size 1024K, 4 young (4096K), 4 survivors (4096K)
 Metaspace       used 56769K, committed 57280K, reserved 1114112K
  class space    used 7516K, committed 7744K, reserved 1048576K
}
Event: 14413.032 GC heap before
{Heap before GC invocations=23 (full 1):
 garbage-first heap   total 68608K, used 29411K [0x0000000081e00000, 0x0000000100000000)
  region size 1024K, 8 young (8192K), 4 survivors (4096K)
 Metaspace       used 56810K, committed 57280K, reserved 1114112K
  class space    used 7517K, committed 7744K, reserved 1048576K
}
Event: 14413.092 GC heap after
{Heap after GC invocations=24 (full 2):
 garbage-first heap   total 68608K, used 20976K [0x0000000081e00000, 0x0000000100000000)
  region size 1024K, 0 young (0K), 0 survivors (0K)
 Metaspace       used 56760K, committed 57280K, reserved 1114112K
  class space    used 7505K, committed 7744K, reserved 1048576K
}
Event: 14414.187 GC heap before
{Heap before GC invocations=24 (full 2):
 garbage-first heap   total 68608K, used 50672K [0x0000000081e00000, 0x0000000100000000)
  region size 1024K, 30 young (30720K), 0 survivors (0K)
 Metaspace       used 56982K, committed 57472K, reserved 1114112K
  class space    used 7508K, committed 7744K, reserved 1048576K
}
Event: 14414.190 GC heap after
{Heap after GC invocations=25 (full 2):
 garbage-first heap   total 68608K, used 23878K [0x0000000081e00000, 0x0000000100000000)
  region size 1024K, 3 young (3072K), 3 survivors (3072K)
 Metaspace       used 56982K, committed 57472K, reserved 1114112K
  class space    used 7508K, committed 7744K, reserved 1048576K
}
Event: 14416.236 GC heap before
{Heap before GC invocations=25 (full 2):
 garbage-first heap   total 68608K, used 52550K [0x0000000081e00000, 0x0000000100000000)
  region size 1024K, 31 young (31744K), 3 survivors (3072K)
 Metaspace       used 57177K, committed 57600K, reserved 1114112K
  class space    used 7516K, committed 7744K, reserved 1048576K
}
Event: 14416.242 GC heap after
{Heap after GC invocations=26 (full 2):
 garbage-first heap   total 68608K, used 25270K [0x0000000081e00000, 0x0000000100000000)
  region size 1024K, 3 young (3072K), 3 survivors (3072K)
 Metaspace       used 57177K, committed 57600K, reserved 1114112K
  class space    used 7516K, committed 7744K, reserved 1048576K
}
Event: 16875.613 GC heap before
{Heap before GC invocations=26 (full 2):
 garbage-first heap   total 68608K, used 50870K [0x0000000081e00000, 0x0000000100000000)
  region size 1024K, 29 young (29696K), 3 survivors (3072K)
 Metaspace       used 57946K, committed 58432K, reserved 1114112K
  class space    used 7599K, committed 7808K, reserved 1048576K
}
Event: 16875.619 GC heap after
{Heap after GC invocations=27 (full 2):
 garbage-first heap   total 68608K, used 27177K [0x0000000081e00000, 0x0000000100000000)
  region size 1024K, 3 young (3072K), 3 survivors (3072K)
 Metaspace       used 57946K, committed 58432K, reserved 1114112K
  class space    used 7599K, committed 7808K, reserved 1048576K
}
Event: 19307.280 GC heap before
{Heap before GC invocations=27 (full 2):
 garbage-first heap   total 68608K, used 48681K [0x0000000081e00000, 0x0000000100000000)
  region size 1024K, 25 young (25600K), 3 survivors (3072K)
 Metaspace       used 58191K, committed 58688K, reserved 1114112K
  class space    used 7606K, committed 7808K, reserved 1048576K
}
Event: 19307.444 GC heap after
{Heap after GC invocations=28 (full 3):
 garbage-first heap   total 68608K, used 20556K [0x0000000081e00000, 0x0000000100000000)
  region size 1024K, 0 young (0K), 0 survivors (0K)
 Metaspace       used 58064K, committed 58624K, reserved 1114112K
  class space    used 7595K, committed 7808K, reserved 1048576K
}
Event: 19308.408 GC heap before
{Heap before GC invocations=28 (full 3):
 garbage-first heap   total 68608K, used 50252K [0x0000000081e00000, 0x0000000100000000)
  region size 1024K, 30 young (30720K), 0 survivors (0K)
 Metaspace       used 58194K, committed 58624K, reserved 1114112K
  class space    used 7601K, committed 7808K, reserved 1048576K
}
Event: 19308.417 GC heap after
{Heap after GC invocations=29 (full 3):
 garbage-first heap   total 68608K, used 24095K [0x0000000081e00000, 0x0000000100000000)
  region size 1024K, 4 young (4096K), 4 survivors (4096K)
 Metaspace       used 58194K, committed 58624K, reserved 1114112K
  class space    used 7601K, committed 7808K, reserved 1048576K
}
Event: 19309.485 GC heap before
{Heap before GC invocations=29 (full 3):
 garbage-first heap   total 68608K, used 49695K [0x0000000081e00000, 0x0000000100000000)
  region size 1024K, 30 young (30720K), 4 survivors (4096K)
 Metaspace       used 58362K, committed 58816K, reserved 1114112K
  class space    used 7608K, committed 7808K, reserved 1048576K
}
Event: 19309.494 GC heap after
{Heap after GC invocations=30 (full 3):
 garbage-first heap   total 68608K, used 27169K [0x0000000081e00000, 0x0000000100000000)
  region size 1024K, 4 young (4096K), 4 survivors (4096K)
 Metaspace       used 58362K, committed 58816K, reserved 1114112K
  class space    used 7608K, committed 7808K, reserved 1048576K
}

